[debug] [2020-11-03T02:51:39.312Z] ----------------------------------------------------------------------
[debug] [2020-11-03T02:51:39.314Z] Command:       C:\Program Files\nodejs\node.exe C:\Users\TMoweS\AppData\Roaming\npm\node_modules\firebase-tools\lib\bin\firebase.js emulators:start
[debug] [2020-11-03T02:51:39.314Z] CLI Version:   8.14.1
[debug] [2020-11-03T02:51:39.314Z] Platform:      win32
[debug] [2020-11-03T02:51:39.314Z] Node Version:  v12.18.1
[debug] [2020-11-03T02:51:39.315Z] Time:          Mon Nov 02 2020 23:51:39 GMT-0300 (GMT-03:00)
[debug] [2020-11-03T02:51:39.315Z] ----------------------------------------------------------------------
[debug] [2020-11-03T02:51:39.315Z] 
[debug] [2020-11-03T02:51:39.321Z] > command requires scopes: ["email","openid","https://www.googleapis.com/auth/cloudplatformprojects.readonly","https://www.googleapis.com/auth/firebase","https://www.googleapis.com/auth/cloud-platform"]
[debug] [2020-11-03T02:51:39.321Z] > authorizing via signed-in user
[info] i  emulators: Starting emulators: functions, hosting {"metadata":{"emulator":{"name":"hub"},"message":"Starting emulators: functions, hosting"}}
[debug] [2020-11-03T02:51:41.388Z] [hub] writing locator at C:\Users\TMoweS\AppData\Local\Temp\hub-clone-a69fd.json
[warn] !  functions: The following emulators are not running, calls to these services from the Functions emulator will affect production: auth, firestore, database, pubsub {"metadata":{"emulator":{"name":"functions"},"message":"The following emulators are not running, calls to these services from the Functions emulator will affect production: \u001b[1mauth, firestore, database, pubsub\u001b[22m"}}
[info] +  functions: Using node@12 from host. {"metadata":{"emulator":{"name":"functions"},"message":"Using node@12 from host."}}
[debug] [2020-11-03T02:51:43.446Z] defaultcredentials: writing to file C:\Users\TMoweS\AppData\Roaming\firebase\tmowes2012_gmail_com_application_default_credentials.json
[debug] [2020-11-03T02:51:43.448Z] Setting GAC to C:\Users\TMoweS\AppData\Roaming\firebase\tmowes2012_gmail_com_application_default_credentials.json {"metadata":{"emulator":{"name":"functions"},"message":"Setting GAC to C:\\Users\\TMoweS\\AppData\\Roaming\\firebase\\tmowes2012_gmail_com_application_default_credentials.json"}}
[debug] [2020-11-03T02:51:45.488Z] >>> HTTP REQUEST GET https://firebase.googleapis.com/v1beta1/projects/clone-a69fd/webApps/-/config  
 
[debug] [2020-11-03T02:51:46.833Z] <<< HTTP RESPONSE 200 {"content-type":"application/json; charset=UTF-8","vary":"X-Origin, Referer, Origin,Accept-Encoding","date":"Tue, 03 Nov 2020 02:51:52 GMT","server":"ESF","cache-control":"private","x-xss-protection":"0","x-frame-options":"SAMEORIGIN","x-content-type-options":"nosniff","alt-svc":"h3-Q050=\":443\"; ma=2592000,h3-29=\":443\"; ma=2592000,h3-T051=\":443\"; ma=2592000,h3-T050=\":443\"; ma=2592000,h3-Q046=\":443\"; ma=2592000,h3-Q043=\":443\"; ma=2592000,quic=\":443\"; ma=2592000; v=\"46,43\"","accept-ranges":"none","transfer-encoding":"chunked"}
[info] i  hosting: Serving hosting files from: out {"metadata":{"emulator":{"name":"hosting"},"message":"Serving hosting files from: \u001b[1mout\u001b[22m"}}
[info] +  hosting: Local server: http://localhost:5000 {"metadata":{"emulator":{"name":"hosting"},"message":"Local server: \u001b[4m\u001b[1mhttp://localhost:5000\u001b[22m\u001b[24m"}}
[debug] [2020-11-03T02:51:51.439Z] Ignoring unsupported arg: auto_download {"metadata":{"emulator":{"name":"ui"},"message":"Ignoring unsupported arg: auto_download"}}
[debug] [2020-11-03T02:51:51.439Z] Ignoring unsupported arg: port {"metadata":{"emulator":{"name":"ui"},"message":"Ignoring unsupported arg: port"}}
[debug] [2020-11-03T02:51:51.440Z] Starting Emulator UI with command {"binary":"node","args":["C:\\Users\\TMoweS\\.cache\\firebase\\emulators\\ui-v1.2.2\\server.bundle.js"],"optionalArgs":[],"joinArgs":false} {"metadata":{"emulator":{"name":"ui"},"message":"Starting Emulator UI with command {\"binary\":\"node\",\"args\":[\"C:\\\\Users\\\\TMoweS\\\\.cache\\\\firebase\\\\emulators\\\\ui-v1.2.2\\\\server.bundle.js\"],\"optionalArgs\":[],\"joinArgs\":false}"}}
[info] i  ui: Emulator UI logging to ui-debug.log {"metadata":{"emulator":{"name":"ui"},"message":"Emulator UI logging to \u001b[1mui-debug.log\u001b[22m"}}
[debug] [2020-11-03T02:51:51.524Z] Web / API server started at http://localhost:4000
 {"metadata":{"emulator":{"name":"ui"},"message":"Web / API server started at http://localhost:4000\n"}}
[info] i  functions: Watching "H:\React\Conceitos\amazon-clone\functions" for Cloud Functions... {"metadata":{"emulator":{"name":"functions"},"message":"Watching \"H:\\React\\Conceitos\\amazon-clone\\functions\" for Cloud Functions..."}}
[debug] [2020-11-03T02:51:51.970Z] [worker-pool] addWorker(~diagnostic~) {"metadata":{"emulator":{"name":"functions"},"message":"[worker-pool] addWorker(~diagnostic~)"}}
[debug] [2020-11-03T02:51:51.970Z] [worker-pool] Adding worker with key ~diagnostic~, total=1 {"metadata":{"emulator":{"name":"functions"},"message":"[worker-pool] Adding worker with key ~diagnostic~, total=1"}}
[debug] [2020-11-03T02:51:51.970Z] [worker-pool] submitWork(triggerId=) {"metadata":{"emulator":{"name":"functions"},"message":"[worker-pool] submitWork(triggerId=)"}}
[debug] [2020-11-03T02:51:51.971Z] [worker-~diagnostic~-2bad188a-382d-445d-97b6-1b1947b7044e]: Assigning socketPath: \\?\pipe\H:\React\Conceitos\amazon-clone\functions\16668 {"metadata":{"emulator":{"name":"functions"},"message":"[worker-~diagnostic~-2bad188a-382d-445d-97b6-1b1947b7044e]: Assigning socketPath: \\\\?\\pipe\\H:\\React\\Conceitos\\amazon-clone\\functions\\16668"}}
[debug] [2020-11-03T02:51:51.971Z] [worker-~diagnostic~-2bad188a-382d-445d-97b6-1b1947b7044e]: BUSY {"metadata":{"emulator":{"name":"functions"},"message":"[worker-~diagnostic~-2bad188a-382d-445d-97b6-1b1947b7044e]: BUSY"}}
[debug] [2020-11-03T02:51:52.286Z] [runtime-status] [16668] Functions runtime initialized. {"cwd":"H:\\React\\Conceitos\\amazon-clone\\functions","node_version":"12.18.1"} {"metadata":{"emulator":{"name":"functions"},"message":"[runtime-status] [16668] Functions runtime initialized. {\"cwd\":\"H:\\\\React\\\\Conceitos\\\\amazon-clone\\\\functions\",\"node_version\":\"12.18.1\"}"}}
[debug] [2020-11-03T02:51:52.287Z] [runtime-status] [16668] Disabled runtime features: undefined {"metadata":{"emulator":{"name":"functions"},"message":"[runtime-status] [16668] Disabled runtime features: undefined"}}
[debug] [2020-11-03T02:51:52.291Z] [runtime-status] [16668] Resolved module firebase-admin {"declared":true,"installed":true,"version":"9.3.0","resolution":"H:\\React\\Conceitos\\amazon-clone\\functions\\node_modules\\firebase-admin\\lib\\index.js"} {"metadata":{"emulator":{"name":"functions"},"message":"[runtime-status] [16668] Resolved module firebase-admin {\"declared\":true,\"installed\":true,\"version\":\"9.3.0\",\"resolution\":\"H:\\\\React\\\\Conceitos\\\\amazon-clone\\\\functions\\\\node_modules\\\\firebase-admin\\\\lib\\\\index.js\"}"}}
[debug] [2020-11-03T02:51:52.292Z] [runtime-status] [16668] Resolved module firebase-functions {"declared":true,"installed":true,"version":"3.11.0","resolution":"H:\\React\\Conceitos\\amazon-clone\\functions\\node_modules\\firebase-functions\\lib\\index.js"} {"metadata":{"emulator":{"name":"functions"},"message":"[runtime-status] [16668] Resolved module firebase-functions {\"declared\":true,\"installed\":true,\"version\":\"3.11.0\",\"resolution\":\"H:\\\\React\\\\Conceitos\\\\amazon-clone\\\\functions\\\\node_modules\\\\firebase-functions\\\\lib\\\\index.js\"}"}}
[debug] [2020-11-03T02:51:52.293Z] [runtime-status] [16668] Resolved module firebase-functions {"declared":true,"installed":true,"version":"3.11.0","resolution":"H:\\React\\Conceitos\\amazon-clone\\functions\\node_modules\\firebase-functions\\lib\\index.js"} {"metadata":{"emulator":{"name":"functions"},"message":"[runtime-status] [16668] Resolved module firebase-functions {\"declared\":true,\"installed\":true,\"version\":\"3.11.0\",\"resolution\":\"H:\\\\React\\\\Conceitos\\\\amazon-clone\\\\functions\\\\node_modules\\\\firebase-functions\\\\lib\\\\index.js\"}"}}
[debug] [2020-11-03T02:51:52.294Z] [runtime-status] [16668] Outgoing network have been stubbed. [{"name":"http","status":"mocked"},{"name":"http","status":"mocked"},{"name":"https","status":"mocked"},{"name":"https","status":"mocked"},{"name":"net","status":"mocked"}] {"metadata":{"emulator":{"name":"functions"},"message":"[runtime-status] [16668] Outgoing network have been stubbed. [{\"name\":\"http\",\"status\":\"mocked\"},{\"name\":\"http\",\"status\":\"mocked\"},{\"name\":\"https\",\"status\":\"mocked\"},{\"name\":\"https\",\"status\":\"mocked\"},{\"name\":\"net\",\"status\":\"mocked\"}]"}}
[debug] [2020-11-03T02:51:52.295Z] [runtime-status] [16668] Resolved module firebase-functions {"declared":true,"installed":true,"version":"3.11.0","resolution":"H:\\React\\Conceitos\\amazon-clone\\functions\\node_modules\\firebase-functions\\lib\\index.js"} {"metadata":{"emulator":{"name":"functions"},"message":"[runtime-status] [16668] Resolved module firebase-functions {\"declared\":true,\"installed\":true,\"version\":\"3.11.0\",\"resolution\":\"H:\\\\React\\\\Conceitos\\\\amazon-clone\\\\functions\\\\node_modules\\\\firebase-functions\\\\lib\\\\index.js\"}"}}
[debug] [2020-11-03T02:51:52.328Z] [runtime-status] [16668] Checked functions.config() {"config":{}} {"metadata":{"emulator":{"name":"functions"},"message":"[runtime-status] [16668] Checked functions.config() {\"config\":{}}"}}
[debug] [2020-11-03T02:51:52.328Z] [runtime-status] [16668] firebase-functions has been stubbed. {"functionsResolution":{"declared":true,"installed":true,"version":"3.11.0","resolution":"H:\\React\\Conceitos\\amazon-clone\\functions\\node_modules\\firebase-functions\\lib\\index.js"}} {"metadata":{"emulator":{"name":"functions"},"message":"[runtime-status] [16668] firebase-functions has been stubbed. {\"functionsResolution\":{\"declared\":true,\"installed\":true,\"version\":\"3.11.0\",\"resolution\":\"H:\\\\React\\\\Conceitos\\\\amazon-clone\\\\functions\\\\node_modules\\\\firebase-functions\\\\lib\\\\index.js\"}}"}}
[debug] [2020-11-03T02:51:52.328Z] [runtime-status] [16668] Resolved module firebase-functions {"declared":true,"installed":true,"version":"3.11.0","resolution":"H:\\React\\Conceitos\\amazon-clone\\functions\\node_modules\\firebase-functions\\lib\\index.js"} {"metadata":{"emulator":{"name":"functions"},"message":"[runtime-status] [16668] Resolved module firebase-functions {\"declared\":true,\"installed\":true,\"version\":\"3.11.0\",\"resolution\":\"H:\\\\React\\\\Conceitos\\\\amazon-clone\\\\functions\\\\node_modules\\\\firebase-functions\\\\lib\\\\index.js\"}"}}
[debug] [2020-11-03T02:51:52.329Z] [runtime-status] [16668] Resolved module firebase-admin {"declared":true,"installed":true,"version":"9.3.0","resolution":"H:\\React\\Conceitos\\amazon-clone\\functions\\node_modules\\firebase-admin\\lib\\index.js"} {"metadata":{"emulator":{"name":"functions"},"message":"[runtime-status] [16668] Resolved module firebase-admin {\"declared\":true,\"installed\":true,\"version\":\"9.3.0\",\"resolution\":\"H:\\\\React\\\\Conceitos\\\\amazon-clone\\\\functions\\\\node_modules\\\\firebase-admin\\\\lib\\\\index.js\"}"}}
[debug] [2020-11-03T02:51:52.330Z] [runtime-status] [16668] Resolved module firebase-functions {"declared":true,"installed":true,"version":"3.11.0","resolution":"H:\\React\\Conceitos\\amazon-clone\\functions\\node_modules\\firebase-functions\\lib\\index.js"} {"metadata":{"emulator":{"name":"functions"},"message":"[runtime-status] [16668] Resolved module firebase-functions {\"declared\":true,\"installed\":true,\"version\":\"3.11.0\",\"resolution\":\"H:\\\\React\\\\Conceitos\\\\amazon-clone\\\\functions\\\\node_modules\\\\firebase-functions\\\\lib\\\\index.js\"}"}}
[debug] [2020-11-03T02:51:52.330Z] [runtime-status] [16668] firebase-admin has been stubbed. {"adminResolution":{"declared":true,"installed":true,"version":"9.3.0","resolution":"H:\\React\\Conceitos\\amazon-clone\\functions\\node_modules\\firebase-admin\\lib\\index.js"}} {"metadata":{"emulator":{"name":"functions"},"message":"[runtime-status] [16668] firebase-admin has been stubbed. {\"adminResolution\":{\"declared\":true,\"installed\":true,\"version\":\"9.3.0\",\"resolution\":\"H:\\\\React\\\\Conceitos\\\\amazon-clone\\\\functions\\\\node_modules\\\\firebase-admin\\\\lib\\\\index.js\"}}"}}
[info] +  functions[api]: http function initialized (http://localhost:5001/clone-a69fd/us-central1/api). {"metadata":{"emulator":{"name":"functions"},"message":"\u001b[1mhttp\u001b[22m function initialized (http://localhost:5001/clone-a69fd/us-central1/api)."}}
[info] 
┌───────────────────────────────────────────────────────────────────────┐
│ ✔  All emulators ready! View status and logs at http://localhost:4000 │
└───────────────────────────────────────────────────────────────────────┘

┌───────────┬────────────────┬─────────────────────────────────┐
│ Emulator  │ Host:Port      │ View in Emulator UI             │
├───────────┼────────────────┼─────────────────────────────────┤
│ Functions │ localhost:5001 │ http://localhost:4000/functions │
├───────────┼────────────────┼─────────────────────────────────┤
│ Hosting   │ localhost:5000 │ n/a                             │
└───────────┴────────────────┴─────────────────────────────────┘
  Other reserved ports: 4400, 4500

Issues? Report them at https://github.com/firebase/firebase-tools/issues and attach the *-debug.log files.
 
[debug] [2020-11-03T02:51:52.469Z] [worker-~diagnostic~-2bad188a-382d-445d-97b6-1b1947b7044e]: IDLE {"metadata":{"emulator":{"name":"functions"},"message":"[worker-~diagnostic~-2bad188a-382d-445d-97b6-1b1947b7044e]: IDLE"}}
[debug] [2020-11-03T02:53:07.642Z] [work-queue] {"queueLength":1,"workRunningCount":0}
[debug] [2020-11-03T02:53:07.642Z] [work-queue] {"queueLength":0,"workRunningCount":1}
[debug] [2020-11-03T02:53:07.643Z] Accepted request POST /clone-a69fd/us-central1/api/payment/create?total=2085 --> api
[debug] [2020-11-03T02:53:07.648Z] [worker-pool] addWorker(api) {"metadata":{"emulator":{"name":"functions"},"message":"[worker-pool] addWorker(api)"}}
[debug] [2020-11-03T02:53:07.649Z] [worker-pool] Adding worker with key api, total=1 {"metadata":{"emulator":{"name":"functions"},"message":"[worker-pool] Adding worker with key api, total=1"}}
[debug] [2020-11-03T02:53:07.649Z] [worker-pool] submitWork(triggerId=api) {"metadata":{"emulator":{"name":"functions"},"message":"[worker-pool] submitWork(triggerId=api)"}}
[debug] [2020-11-03T02:53:07.649Z] [worker-api-9f3735f0-2713-4c69-b72a-d186f43229a4]: Assigning socketPath: \\?\pipe\H:\React\Conceitos\amazon-clone\functions\17348 {"metadata":{"emulator":{"name":"functions"},"message":"[worker-api-9f3735f0-2713-4c69-b72a-d186f43229a4]: Assigning socketPath: \\\\?\\pipe\\H:\\React\\Conceitos\\amazon-clone\\functions\\17348"}}
[debug] [2020-11-03T02:53:07.649Z] [worker-api-9f3735f0-2713-4c69-b72a-d186f43229a4]: BUSY {"metadata":{"emulator":{"name":"functions"},"message":"[worker-api-9f3735f0-2713-4c69-b72a-d186f43229a4]: BUSY"}}
[debug] [2020-11-03T02:53:08.064Z] [runtime-status] [17348] Functions runtime initialized. {"cwd":"H:\\React\\Conceitos\\amazon-clone\\functions","node_version":"12.18.1"} {"metadata":{"emulator":{"name":"functions"},"function":{"name":"api"},"message":"[runtime-status] [17348] Functions runtime initialized. {\"cwd\":\"H:\\\\React\\\\Conceitos\\\\amazon-clone\\\\functions\",\"node_version\":\"12.18.1\"}"}}
[debug] [2020-11-03T02:53:08.066Z] [runtime-status] [17348] Disabled runtime features: undefined {"metadata":{"emulator":{"name":"functions"},"function":{"name":"api"},"message":"[runtime-status] [17348] Disabled runtime features: undefined"}}
[debug] [2020-11-03T02:53:08.070Z] [runtime-status] [17348] Resolved module firebase-admin {"declared":true,"installed":true,"version":"9.3.0","resolution":"H:\\React\\Conceitos\\amazon-clone\\functions\\node_modules\\firebase-admin\\lib\\index.js"} {"metadata":{"emulator":{"name":"functions"},"function":{"name":"api"},"message":"[runtime-status] [17348] Resolved module firebase-admin {\"declared\":true,\"installed\":true,\"version\":\"9.3.0\",\"resolution\":\"H:\\\\React\\\\Conceitos\\\\amazon-clone\\\\functions\\\\node_modules\\\\firebase-admin\\\\lib\\\\index.js\"}"}}
[debug] [2020-11-03T02:53:08.073Z] [runtime-status] [17348] Resolved module firebase-functions {"declared":true,"installed":true,"version":"3.11.0","resolution":"H:\\React\\Conceitos\\amazon-clone\\functions\\node_modules\\firebase-functions\\lib\\index.js"} {"metadata":{"emulator":{"name":"functions"},"function":{"name":"api"},"message":"[runtime-status] [17348] Resolved module firebase-functions {\"declared\":true,\"installed\":true,\"version\":\"3.11.0\",\"resolution\":\"H:\\\\React\\\\Conceitos\\\\amazon-clone\\\\functions\\\\node_modules\\\\firebase-functions\\\\lib\\\\index.js\"}"}}
[debug] [2020-11-03T02:53:08.074Z] [runtime-status] [17348] Resolved module firebase-functions {"declared":true,"installed":true,"version":"3.11.0","resolution":"H:\\React\\Conceitos\\amazon-clone\\functions\\node_modules\\firebase-functions\\lib\\index.js"} {"metadata":{"emulator":{"name":"functions"},"function":{"name":"api"},"message":"[runtime-status] [17348] Resolved module firebase-functions {\"declared\":true,\"installed\":true,\"version\":\"3.11.0\",\"resolution\":\"H:\\\\React\\\\Conceitos\\\\amazon-clone\\\\functions\\\\node_modules\\\\firebase-functions\\\\lib\\\\index.js\"}"}}
[debug] [2020-11-03T02:53:08.075Z] [runtime-status] [17348] Outgoing network have been stubbed. [{"name":"http","status":"mocked"},{"name":"http","status":"mocked"},{"name":"https","status":"mocked"},{"name":"https","status":"mocked"},{"name":"net","status":"mocked"}] {"metadata":{"emulator":{"name":"functions"},"function":{"name":"api"},"message":"[runtime-status] [17348] Outgoing network have been stubbed. [{\"name\":\"http\",\"status\":\"mocked\"},{\"name\":\"http\",\"status\":\"mocked\"},{\"name\":\"https\",\"status\":\"mocked\"},{\"name\":\"https\",\"status\":\"mocked\"},{\"name\":\"net\",\"status\":\"mocked\"}]"}}
[debug] [2020-11-03T02:53:08.075Z] [runtime-status] [17348] Resolved module firebase-functions {"declared":true,"installed":true,"version":"3.11.0","resolution":"H:\\React\\Conceitos\\amazon-clone\\functions\\node_modules\\firebase-functions\\lib\\index.js"} {"metadata":{"emulator":{"name":"functions"},"function":{"name":"api"},"message":"[runtime-status] [17348] Resolved module firebase-functions {\"declared\":true,\"installed\":true,\"version\":\"3.11.0\",\"resolution\":\"H:\\\\React\\\\Conceitos\\\\amazon-clone\\\\functions\\\\node_modules\\\\firebase-functions\\\\lib\\\\index.js\"}"}}
[debug] [2020-11-03T02:53:08.108Z] [runtime-status] [17348] Checked functions.config() {"config":{}} {"metadata":{"emulator":{"name":"functions"},"function":{"name":"api"},"message":"[runtime-status] [17348] Checked functions.config() {\"config\":{}}"}}
[debug] [2020-11-03T02:53:08.109Z] [runtime-status] [17348] firebase-functions has been stubbed. {"functionsResolution":{"declared":true,"installed":true,"version":"3.11.0","resolution":"H:\\React\\Conceitos\\amazon-clone\\functions\\node_modules\\firebase-functions\\lib\\index.js"}} {"metadata":{"emulator":{"name":"functions"},"function":{"name":"api"},"message":"[runtime-status] [17348] firebase-functions has been stubbed. {\"functionsResolution\":{\"declared\":true,\"installed\":true,\"version\":\"3.11.0\",\"resolution\":\"H:\\\\React\\\\Conceitos\\\\amazon-clone\\\\functions\\\\node_modules\\\\firebase-functions\\\\lib\\\\index.js\"}}"}}
[debug] [2020-11-03T02:53:08.109Z] [runtime-status] [17348] Resolved module firebase-functions {"declared":true,"installed":true,"version":"3.11.0","resolution":"H:\\React\\Conceitos\\amazon-clone\\functions\\node_modules\\firebase-functions\\lib\\index.js"} {"metadata":{"emulator":{"name":"functions"},"function":{"name":"api"},"message":"[runtime-status] [17348] Resolved module firebase-functions {\"declared\":true,\"installed\":true,\"version\":\"3.11.0\",\"resolution\":\"H:\\\\React\\\\Conceitos\\\\amazon-clone\\\\functions\\\\node_modules\\\\firebase-functions\\\\lib\\\\index.js\"}"}}
[debug] [2020-11-03T02:53:08.110Z] [runtime-status] [17348] Resolved module firebase-admin {"declared":true,"installed":true,"version":"9.3.0","resolution":"H:\\React\\Conceitos\\amazon-clone\\functions\\node_modules\\firebase-admin\\lib\\index.js"} {"metadata":{"emulator":{"name":"functions"},"function":{"name":"api"},"message":"[runtime-status] [17348] Resolved module firebase-admin {\"declared\":true,\"installed\":true,\"version\":\"9.3.0\",\"resolution\":\"H:\\\\React\\\\Conceitos\\\\amazon-clone\\\\functions\\\\node_modules\\\\firebase-admin\\\\lib\\\\index.js\"}"}}
[debug] [2020-11-03T02:53:08.110Z] [runtime-status] [17348] Resolved module firebase-functions {"declared":true,"installed":true,"version":"3.11.0","resolution":"H:\\React\\Conceitos\\amazon-clone\\functions\\node_modules\\firebase-functions\\lib\\index.js"} {"metadata":{"emulator":{"name":"functions"},"function":{"name":"api"},"message":"[runtime-status] [17348] Resolved module firebase-functions {\"declared\":true,\"installed\":true,\"version\":\"3.11.0\",\"resolution\":\"H:\\\\React\\\\Conceitos\\\\amazon-clone\\\\functions\\\\node_modules\\\\firebase-functions\\\\lib\\\\index.js\"}"}}
[debug] [2020-11-03T02:53:08.110Z] [runtime-status] [17348] firebase-admin has been stubbed. {"adminResolution":{"declared":true,"installed":true,"version":"9.3.0","resolution":"H:\\React\\Conceitos\\amazon-clone\\functions\\node_modules\\firebase-admin\\lib\\index.js"}} {"metadata":{"emulator":{"name":"functions"},"function":{"name":"api"},"message":"[runtime-status] [17348] firebase-admin has been stubbed. {\"adminResolution\":{\"declared\":true,\"installed\":true,\"version\":\"9.3.0\",\"resolution\":\"H:\\\\React\\\\Conceitos\\\\amazon-clone\\\\functions\\\\node_modules\\\\firebase-admin\\\\lib\\\\index.js\"}}"}}
[debug] [2020-11-03T02:53:08.237Z] [runtime-status] [17348] Trigger "api" has been found, beginning invocation! {"metadata":{"emulator":{"name":"functions"},"function":{"name":"api"},"message":"[runtime-status] [17348] Trigger \"api\" has been found, beginning invocation!"}}
[info] i  functions: Beginning execution of "api" {"metadata":{"emulator":{"name":"functions"},"function":{"name":"api"},"message":"Beginning execution of \"api\""}}
[debug] [2020-11-03T02:53:08.238Z] [runtime-status] [17348] triggerDefinition {"httpsTrigger":{},"name":"api","entryPoint":"api"} {"metadata":{"emulator":{"name":"functions"},"function":{"name":"api"},"message":"[runtime-status] [17348] triggerDefinition {\"httpsTrigger\":{},\"name\":\"api\",\"entryPoint\":\"api\"}"}}
[debug] [2020-11-03T02:53:08.239Z] [runtime-status] [17348] Running api in mode HTTPS {"metadata":{"emulator":{"name":"functions"},"function":{"name":"api"},"message":"[runtime-status] [17348] Running api in mode HTTPS"}}
[debug] [2020-11-03T02:53:08.241Z] [runtime-status] [17348] Attempting to listen to socketPath: \\?\pipe\H:\React\Conceitos\amazon-clone\functions\17348 {"metadata":{"emulator":{"name":"functions"},"function":{"name":"api"},"message":"[runtime-status] [17348] Attempting to listen to socketPath: \\\\?\\pipe\\H:\\React\\Conceitos\\amazon-clone\\functions\\17348"}}
[debug] [2020-11-03T02:53:08.244Z] [functions] Runtime ready! Sending request! {"metadata":{"emulator":{"name":"functions"},"message":"[functions] Runtime ready! Sending request!"}}
[debug] [2020-11-03T02:53:08.251Z] [runtime-status] [17348] Ephemeral server handling POST request {"metadata":{"emulator":{"name":"functions"},"function":{"name":"api"},"message":"[runtime-status] [17348] Ephemeral server handling POST request"}}
[info] >  Payment Request Receive >>>>>>> 2085 {"user":"Payment Request Receive >>>>>>> 2085","metadata":{"emulator":{"name":"functions"},"function":{"name":"api"},"message":"\u001b[90m> \u001b[39m Payment Request Receive >>>>>>> 2085"}}
[debug] [2020-11-03T02:53:08.262Z] [runtime-status] [17348] Ephemeral server survived. {"metadata":{"emulator":{"name":"functions"},"function":{"name":"api"},"message":"[runtime-status] [17348] Ephemeral server survived."}}
[info] i  functions: Finished "api" in ~1s {"metadata":{"emulator":{"name":"functions"},"function":{"name":"api"},"message":"Finished \"api\" in ~1s"}}
[debug] [2020-11-03T02:53:09.127Z] [worker-api-9f3735f0-2713-4c69-b72a-d186f43229a4]: IDLE {"metadata":{"emulator":{"name":"functions"},"message":"[worker-api-9f3735f0-2713-4c69-b72a-d186f43229a4]: IDLE"}}
[debug] [2020-11-03T02:53:09.127Z] [work-queue] {"queueLength":0,"workRunningCount":0}
[debug] [2020-11-03T02:53:57.251Z] [worker-api-9f3735f0-2713-4c69-b72a-d186f43229a4]: exited {"metadata":{"emulator":{"name":"functions"},"message":"[worker-api-9f3735f0-2713-4c69-b72a-d186f43229a4]: exited"}}
[debug] [2020-11-03T02:53:57.251Z] [worker-api-9f3735f0-2713-4c69-b72a-d186f43229a4]: FINISHED {"metadata":{"emulator":{"name":"functions"},"message":"[worker-api-9f3735f0-2713-4c69-b72a-d186f43229a4]: FINISHED"}}
[debug] [2020-11-03T02:53:57.260Z] [worker-~diagnostic~-2bad188a-382d-445d-97b6-1b1947b7044e]: exited {"metadata":{"emulator":{"name":"functions"},"message":"[worker-~diagnostic~-2bad188a-382d-445d-97b6-1b1947b7044e]: exited"}}
[debug] [2020-11-04T10:19:36.816Z] ----------------------------------------------------------------------
[debug] [2020-11-04T10:19:36.818Z] Command:       C:\Program Files\nodejs\node.exe C:\Users\TMoweS\AppData\Roaming\npm\node_modules\firebase-tools\lib\bin\firebase.js emulators:start
[debug] [2020-11-04T10:19:36.818Z] CLI Version:   8.14.1
[debug] [2020-11-04T10:19:36.818Z] Platform:      win32
[debug] [2020-11-04T10:19:36.818Z] Node Version:  v12.18.1
[debug] [2020-11-04T10:19:36.819Z] Time:          Wed Nov 04 2020 07:19:36 GMT-0300 (GMT-03:00)
[debug] [2020-11-04T10:19:36.819Z] ----------------------------------------------------------------------
[debug] [2020-11-04T10:19:36.819Z] 
[debug] [2020-11-04T10:19:36.828Z] > command requires scopes: ["email","openid","https://www.googleapis.com/auth/cloudplatformprojects.readonly","https://www.googleapis.com/auth/firebase","https://www.googleapis.com/auth/cloud-platform"]
[debug] [2020-11-04T10:19:36.829Z] > authorizing via signed-in user
[info] i  emulators: Starting emulators: functions, hosting {"metadata":{"emulator":{"name":"hub"},"message":"Starting emulators: functions, hosting"}}
[warn] !  emulators: It seems that you are running multiple instances of the emulator suite for project clone-a69fd. This may result in unexpected behavior. 
[debug] [2020-11-04T10:19:38.881Z] [hub] writing locator at C:\Users\TMoweS\AppData\Local\Temp\hub-clone-a69fd.json
[warn] !  functions: The following emulators are not running, calls to these services from the Functions emulator will affect production: auth, firestore, database, pubsub {"metadata":{"emulator":{"name":"functions"},"message":"The following emulators are not running, calls to these services from the Functions emulator will affect production: \u001b[1mauth, firestore, database, pubsub\u001b[22m"}}
[info] +  functions: Using node@12 from host. {"metadata":{"emulator":{"name":"functions"},"message":"Using node@12 from host."}}
[debug] [2020-11-04T10:19:40.932Z] defaultcredentials: writing to file C:\Users\TMoweS\AppData\Roaming\firebase\tmowes2012_gmail_com_application_default_credentials.json
[debug] [2020-11-04T10:19:40.934Z] Setting GAC to C:\Users\TMoweS\AppData\Roaming\firebase\tmowes2012_gmail_com_application_default_credentials.json {"metadata":{"emulator":{"name":"functions"},"message":"Setting GAC to C:\\Users\\TMoweS\\AppData\\Roaming\\firebase\\tmowes2012_gmail_com_application_default_credentials.json"}}
[debug] [2020-11-04T10:19:42.977Z] > refreshing access token with scopes: ["email","https://www.googleapis.com/auth/cloud-platform","https://www.googleapis.com/auth/cloudplatformprojects.readonly","https://www.googleapis.com/auth/firebase","openid"]
[debug] [2020-11-04T10:19:42.977Z] >>> HTTP REQUEST POST https://www.googleapis.com/oauth2/v3/token  
 <request body omitted>
[debug] [2020-11-04T10:19:43.136Z] <<< HTTP RESPONSE 200 {"cache-control":"no-cache, no-store, max-age=0, must-revalidate","expires":"Mon, 01 Jan 1990 00:00:00 GMT","date":"Wed, 04 Nov 2020 10:19:44 GMT","pragma":"no-cache","content-type":"application/json; charset=utf-8","vary":"X-Origin, Referer, Origin,Accept-Encoding","server":"scaffolding on HTTPServer2","x-xss-protection":"0","x-frame-options":"SAMEORIGIN","x-content-type-options":"nosniff","alt-svc":"h3-Q050=\":443\"; ma=2592000,h3-29=\":443\"; ma=2592000,h3-T051=\":443\"; ma=2592000,h3-T050=\":443\"; ma=2592000,h3-Q046=\":443\"; ma=2592000,h3-Q043=\":443\"; ma=2592000,quic=\":443\"; ma=2592000; v=\"46,43\"","accept-ranges":"none","transfer-encoding":"chunked"}
[debug] [2020-11-04T10:19:43.139Z] >>> HTTP REQUEST GET https://firebase.googleapis.com/v1beta1/projects/clone-a69fd/webApps/-/config  
 
[debug] [2020-11-04T10:19:44.477Z] <<< HTTP RESPONSE 200 {"content-type":"application/json; charset=UTF-8","vary":"X-Origin, Referer, Origin,Accept-Encoding","date":"Wed, 04 Nov 2020 10:19:46 GMT","server":"ESF","cache-control":"private","x-xss-protection":"0","x-frame-options":"SAMEORIGIN","x-content-type-options":"nosniff","alt-svc":"h3-Q050=\":443\"; ma=2592000,h3-29=\":443\"; ma=2592000,h3-T051=\":443\"; ma=2592000,h3-T050=\":443\"; ma=2592000,h3-Q046=\":443\"; ma=2592000,h3-Q043=\":443\"; ma=2592000,quic=\":443\"; ma=2592000; v=\"46,43\"","accept-ranges":"none","transfer-encoding":"chunked"}
[info] i  hosting: Serving hosting files from: out {"metadata":{"emulator":{"name":"hosting"},"message":"Serving hosting files from: \u001b[1mout\u001b[22m"}}
[info] +  hosting: Local server: http://localhost:5000 {"metadata":{"emulator":{"name":"hosting"},"message":"Local server: \u001b[4m\u001b[1mhttp://localhost:5000\u001b[22m\u001b[24m"}}
[debug] [2020-11-04T10:19:48.579Z] Ignoring unsupported arg: auto_download {"metadata":{"emulator":{"name":"ui"},"message":"Ignoring unsupported arg: auto_download"}}
[debug] [2020-11-04T10:19:48.579Z] Ignoring unsupported arg: port {"metadata":{"emulator":{"name":"ui"},"message":"Ignoring unsupported arg: port"}}
[debug] [2020-11-04T10:19:48.579Z] Starting Emulator UI with command {"binary":"node","args":["C:\\Users\\TMoweS\\.cache\\firebase\\emulators\\ui-v1.2.2\\server.bundle.js"],"optionalArgs":[],"joinArgs":false} {"metadata":{"emulator":{"name":"ui"},"message":"Starting Emulator UI with command {\"binary\":\"node\",\"args\":[\"C:\\\\Users\\\\TMoweS\\\\.cache\\\\firebase\\\\emulators\\\\ui-v1.2.2\\\\server.bundle.js\"],\"optionalArgs\":[],\"joinArgs\":false}"}}
[info] i  ui: Emulator UI logging to ui-debug.log {"metadata":{"emulator":{"name":"ui"},"message":"Emulator UI logging to \u001b[1mui-debug.log\u001b[22m"}}
[debug] [2020-11-04T10:19:48.678Z] Web / API server started at http://localhost:4000
 {"metadata":{"emulator":{"name":"ui"},"message":"Web / API server started at http://localhost:4000\n"}}
[info] i  functions: Watching "H:\React\Conceitos\amazon-clone\functions" for Cloud Functions... {"metadata":{"emulator":{"name":"functions"},"message":"Watching \"H:\\React\\Conceitos\\amazon-clone\\functions\" for Cloud Functions..."}}
[debug] [2020-11-04T10:19:49.102Z] [worker-pool] addWorker(~diagnostic~) {"metadata":{"emulator":{"name":"functions"},"message":"[worker-pool] addWorker(~diagnostic~)"}}
[debug] [2020-11-04T10:19:49.102Z] [worker-pool] Adding worker with key ~diagnostic~, total=1 {"metadata":{"emulator":{"name":"functions"},"message":"[worker-pool] Adding worker with key ~diagnostic~, total=1"}}
[debug] [2020-11-04T10:19:49.103Z] [worker-pool] submitWork(triggerId=) {"metadata":{"emulator":{"name":"functions"},"message":"[worker-pool] submitWork(triggerId=)"}}
[debug] [2020-11-04T10:19:49.103Z] [worker-~diagnostic~-69ed803a-b2c9-405b-b151-ddadc3641d6b]: Assigning socketPath: \\?\pipe\H:\React\Conceitos\amazon-clone\functions\14028 {"metadata":{"emulator":{"name":"functions"},"message":"[worker-~diagnostic~-69ed803a-b2c9-405b-b151-ddadc3641d6b]: Assigning socketPath: \\\\?\\pipe\\H:\\React\\Conceitos\\amazon-clone\\functions\\14028"}}
[debug] [2020-11-04T10:19:49.103Z] [worker-~diagnostic~-69ed803a-b2c9-405b-b151-ddadc3641d6b]: BUSY {"metadata":{"emulator":{"name":"functions"},"message":"[worker-~diagnostic~-69ed803a-b2c9-405b-b151-ddadc3641d6b]: BUSY"}}
[debug] [2020-11-04T10:19:49.491Z] [runtime-status] [14028] Functions runtime initialized. {"cwd":"H:\\React\\Conceitos\\amazon-clone\\functions","node_version":"12.18.1"} {"metadata":{"emulator":{"name":"functions"},"message":"[runtime-status] [14028] Functions runtime initialized. {\"cwd\":\"H:\\\\React\\\\Conceitos\\\\amazon-clone\\\\functions\",\"node_version\":\"12.18.1\"}"}}
[debug] [2020-11-04T10:19:49.493Z] [runtime-status] [14028] Disabled runtime features: undefined {"metadata":{"emulator":{"name":"functions"},"message":"[runtime-status] [14028] Disabled runtime features: undefined"}}
[debug] [2020-11-04T10:19:49.498Z] [runtime-status] [14028] Resolved module firebase-admin {"declared":true,"installed":true,"version":"9.3.0","resolution":"H:\\React\\Conceitos\\amazon-clone\\functions\\node_modules\\firebase-admin\\lib\\index.js"} {"metadata":{"emulator":{"name":"functions"},"message":"[runtime-status] [14028] Resolved module firebase-admin {\"declared\":true,\"installed\":true,\"version\":\"9.3.0\",\"resolution\":\"H:\\\\React\\\\Conceitos\\\\amazon-clone\\\\functions\\\\node_modules\\\\firebase-admin\\\\lib\\\\index.js\"}"}}
[debug] [2020-11-04T10:19:49.499Z] [runtime-status] [14028] Resolved module firebase-functions {"declared":true,"installed":true,"version":"3.11.0","resolution":"H:\\React\\Conceitos\\amazon-clone\\functions\\node_modules\\firebase-functions\\lib\\index.js"} {"metadata":{"emulator":{"name":"functions"},"message":"[runtime-status] [14028] Resolved module firebase-functions {\"declared\":true,\"installed\":true,\"version\":\"3.11.0\",\"resolution\":\"H:\\\\React\\\\Conceitos\\\\amazon-clone\\\\functions\\\\node_modules\\\\firebase-functions\\\\lib\\\\index.js\"}"}}
[debug] [2020-11-04T10:19:49.500Z] [runtime-status] [14028] Resolved module firebase-functions {"declared":true,"installed":true,"version":"3.11.0","resolution":"H:\\React\\Conceitos\\amazon-clone\\functions\\node_modules\\firebase-functions\\lib\\index.js"} {"metadata":{"emulator":{"name":"functions"},"message":"[runtime-status] [14028] Resolved module firebase-functions {\"declared\":true,\"installed\":true,\"version\":\"3.11.0\",\"resolution\":\"H:\\\\React\\\\Conceitos\\\\amazon-clone\\\\functions\\\\node_modules\\\\firebase-functions\\\\lib\\\\index.js\"}"}}
[debug] [2020-11-04T10:19:49.501Z] [runtime-status] [14028] Outgoing network have been stubbed. [{"name":"http","status":"mocked"},{"name":"http","status":"mocked"},{"name":"https","status":"mocked"},{"name":"https","status":"mocked"},{"name":"net","status":"mocked"}] {"metadata":{"emulator":{"name":"functions"},"message":"[runtime-status] [14028] Outgoing network have been stubbed. [{\"name\":\"http\",\"status\":\"mocked\"},{\"name\":\"http\",\"status\":\"mocked\"},{\"name\":\"https\",\"status\":\"mocked\"},{\"name\":\"https\",\"status\":\"mocked\"},{\"name\":\"net\",\"status\":\"mocked\"}]"}}
[debug] [2020-11-04T10:19:49.502Z] [runtime-status] [14028] Resolved module firebase-functions {"declared":true,"installed":true,"version":"3.11.0","resolution":"H:\\React\\Conceitos\\amazon-clone\\functions\\node_modules\\firebase-functions\\lib\\index.js"} {"metadata":{"emulator":{"name":"functions"},"message":"[runtime-status] [14028] Resolved module firebase-functions {\"declared\":true,\"installed\":true,\"version\":\"3.11.0\",\"resolution\":\"H:\\\\React\\\\Conceitos\\\\amazon-clone\\\\functions\\\\node_modules\\\\firebase-functions\\\\lib\\\\index.js\"}"}}
[debug] [2020-11-04T10:19:49.552Z] [runtime-status] [14028] Checked functions.config() {"config":{}} {"metadata":{"emulator":{"name":"functions"},"message":"[runtime-status] [14028] Checked functions.config() {\"config\":{}}"}}
[debug] [2020-11-04T10:19:49.553Z] [runtime-status] [14028] firebase-functions has been stubbed. {"functionsResolution":{"declared":true,"installed":true,"version":"3.11.0","resolution":"H:\\React\\Conceitos\\amazon-clone\\functions\\node_modules\\firebase-functions\\lib\\index.js"}} {"metadata":{"emulator":{"name":"functions"},"message":"[runtime-status] [14028] firebase-functions has been stubbed. {\"functionsResolution\":{\"declared\":true,\"installed\":true,\"version\":\"3.11.0\",\"resolution\":\"H:\\\\React\\\\Conceitos\\\\amazon-clone\\\\functions\\\\node_modules\\\\firebase-functions\\\\lib\\\\index.js\"}}"}}
[debug] [2020-11-04T10:19:49.553Z] [runtime-status] [14028] Resolved module firebase-functions {"declared":true,"installed":true,"version":"3.11.0","resolution":"H:\\React\\Conceitos\\amazon-clone\\functions\\node_modules\\firebase-functions\\lib\\index.js"} {"metadata":{"emulator":{"name":"functions"},"message":"[runtime-status] [14028] Resolved module firebase-functions {\"declared\":true,\"installed\":true,\"version\":\"3.11.0\",\"resolution\":\"H:\\\\React\\\\Conceitos\\\\amazon-clone\\\\functions\\\\node_modules\\\\firebase-functions\\\\lib\\\\index.js\"}"}}
[debug] [2020-11-04T10:19:49.554Z] [runtime-status] [14028] Resolved module firebase-admin {"declared":true,"installed":true,"version":"9.3.0","resolution":"H:\\React\\Conceitos\\amazon-clone\\functions\\node_modules\\firebase-admin\\lib\\index.js"} {"metadata":{"emulator":{"name":"functions"},"message":"[runtime-status] [14028] Resolved module firebase-admin {\"declared\":true,\"installed\":true,\"version\":\"9.3.0\",\"resolution\":\"H:\\\\React\\\\Conceitos\\\\amazon-clone\\\\functions\\\\node_modules\\\\firebase-admin\\\\lib\\\\index.js\"}"}}
[debug] [2020-11-04T10:19:49.554Z] [runtime-status] [14028] Resolved module firebase-functions {"declared":true,"installed":true,"version":"3.11.0","resolution":"H:\\React\\Conceitos\\amazon-clone\\functions\\node_modules\\firebase-functions\\lib\\index.js"} {"metadata":{"emulator":{"name":"functions"},"message":"[runtime-status] [14028] Resolved module firebase-functions {\"declared\":true,\"installed\":true,\"version\":\"3.11.0\",\"resolution\":\"H:\\\\React\\\\Conceitos\\\\amazon-clone\\\\functions\\\\node_modules\\\\firebase-functions\\\\lib\\\\index.js\"}"}}
[debug] [2020-11-04T10:19:49.555Z] [runtime-status] [14028] firebase-admin has been stubbed. {"adminResolution":{"declared":true,"installed":true,"version":"9.3.0","resolution":"H:\\React\\Conceitos\\amazon-clone\\functions\\node_modules\\firebase-admin\\lib\\index.js"}} {"metadata":{"emulator":{"name":"functions"},"message":"[runtime-status] [14028] firebase-admin has been stubbed. {\"adminResolution\":{\"declared\":true,\"installed\":true,\"version\":\"9.3.0\",\"resolution\":\"H:\\\\React\\\\Conceitos\\\\amazon-clone\\\\functions\\\\node_modules\\\\firebase-admin\\\\lib\\\\index.js\"}}"}}
[info] +  functions[api]: http function initialized (http://localhost:5001/clone-a69fd/us-central1/api). {"metadata":{"emulator":{"name":"functions"},"message":"\u001b[1mhttp\u001b[22m function initialized (http://localhost:5001/clone-a69fd/us-central1/api)."}}
[info] 
┌───────────────────────────────────────────────────────────────────────┐
│ ✔  All emulators ready! View status and logs at http://localhost:4000 │
└───────────────────────────────────────────────────────────────────────┘

┌───────────┬────────────────┬─────────────────────────────────┐
│ Emulator  │ Host:Port      │ View in Emulator UI             │
├───────────┼────────────────┼─────────────────────────────────┤
│ Functions │ localhost:5001 │ http://localhost:4000/functions │
├───────────┼────────────────┼─────────────────────────────────┤
│ Hosting   │ localhost:5000 │ n/a                             │
└───────────┴────────────────┴─────────────────────────────────┘
  Other reserved ports: 4400, 4500

Issues? Report them at https://github.com/firebase/firebase-tools/issues and attach the *-debug.log files.
 
[debug] [2020-11-04T10:19:49.876Z] [worker-~diagnostic~-69ed803a-b2c9-405b-b151-ddadc3641d6b]: IDLE {"metadata":{"emulator":{"name":"functions"},"message":"[worker-~diagnostic~-69ed803a-b2c9-405b-b151-ddadc3641d6b]: IDLE"}}
[debug] [2020-11-04T10:20:29.592Z] [work-queue] {"queueLength":1,"workRunningCount":0}
[debug] [2020-11-04T10:20:29.592Z] [work-queue] {"queueLength":0,"workRunningCount":1}
[debug] [2020-11-04T10:20:29.592Z] Accepted request POST /clone-a69fd/us-central1/api/payment/create?total=24430 --> api
[debug] [2020-11-04T10:20:29.596Z] [worker-pool] addWorker(api) {"metadata":{"emulator":{"name":"functions"},"message":"[worker-pool] addWorker(api)"}}
[debug] [2020-11-04T10:20:29.596Z] [worker-pool] Adding worker with key api, total=1 {"metadata":{"emulator":{"name":"functions"},"message":"[worker-pool] Adding worker with key api, total=1"}}
[debug] [2020-11-04T10:20:29.596Z] [worker-pool] submitWork(triggerId=api) {"metadata":{"emulator":{"name":"functions"},"message":"[worker-pool] submitWork(triggerId=api)"}}
[debug] [2020-11-04T10:20:29.597Z] [worker-api-a903bb2c-2a6f-4cea-8c7b-67307f9e27f4]: Assigning socketPath: \\?\pipe\H:\React\Conceitos\amazon-clone\functions\24084 {"metadata":{"emulator":{"name":"functions"},"message":"[worker-api-a903bb2c-2a6f-4cea-8c7b-67307f9e27f4]: Assigning socketPath: \\\\?\\pipe\\H:\\React\\Conceitos\\amazon-clone\\functions\\24084"}}
[debug] [2020-11-04T10:20:29.597Z] [worker-api-a903bb2c-2a6f-4cea-8c7b-67307f9e27f4]: BUSY {"metadata":{"emulator":{"name":"functions"},"message":"[worker-api-a903bb2c-2a6f-4cea-8c7b-67307f9e27f4]: BUSY"}}
[debug] [2020-11-04T10:20:29.955Z] [runtime-status] [24084] Functions runtime initialized. {"cwd":"H:\\React\\Conceitos\\amazon-clone\\functions","node_version":"12.18.1"} {"metadata":{"emulator":{"name":"functions"},"function":{"name":"api"},"message":"[runtime-status] [24084] Functions runtime initialized. {\"cwd\":\"H:\\\\React\\\\Conceitos\\\\amazon-clone\\\\functions\",\"node_version\":\"12.18.1\"}"}}
[debug] [2020-11-04T10:20:29.957Z] [runtime-status] [24084] Disabled runtime features: undefined {"metadata":{"emulator":{"name":"functions"},"function":{"name":"api"},"message":"[runtime-status] [24084] Disabled runtime features: undefined"}}
[debug] [2020-11-04T10:20:29.962Z] [runtime-status] [24084] Resolved module firebase-admin {"declared":true,"installed":true,"version":"9.3.0","resolution":"H:\\React\\Conceitos\\amazon-clone\\functions\\node_modules\\firebase-admin\\lib\\index.js"} {"metadata":{"emulator":{"name":"functions"},"function":{"name":"api"},"message":"[runtime-status] [24084] Resolved module firebase-admin {\"declared\":true,\"installed\":true,\"version\":\"9.3.0\",\"resolution\":\"H:\\\\React\\\\Conceitos\\\\amazon-clone\\\\functions\\\\node_modules\\\\firebase-admin\\\\lib\\\\index.js\"}"}}
[debug] [2020-11-04T10:20:29.963Z] [runtime-status] [24084] Resolved module firebase-functions {"declared":true,"installed":true,"version":"3.11.0","resolution":"H:\\React\\Conceitos\\amazon-clone\\functions\\node_modules\\firebase-functions\\lib\\index.js"} {"metadata":{"emulator":{"name":"functions"},"function":{"name":"api"},"message":"[runtime-status] [24084] Resolved module firebase-functions {\"declared\":true,\"installed\":true,\"version\":\"3.11.0\",\"resolution\":\"H:\\\\React\\\\Conceitos\\\\amazon-clone\\\\functions\\\\node_modules\\\\firebase-functions\\\\lib\\\\index.js\"}"}}
[debug] [2020-11-04T10:20:29.963Z] [runtime-status] [24084] Resolved module firebase-functions {"declared":true,"installed":true,"version":"3.11.0","resolution":"H:\\React\\Conceitos\\amazon-clone\\functions\\node_modules\\firebase-functions\\lib\\index.js"} {"metadata":{"emulator":{"name":"functions"},"function":{"name":"api"},"message":"[runtime-status] [24084] Resolved module firebase-functions {\"declared\":true,\"installed\":true,\"version\":\"3.11.0\",\"resolution\":\"H:\\\\React\\\\Conceitos\\\\amazon-clone\\\\functions\\\\node_modules\\\\firebase-functions\\\\lib\\\\index.js\"}"}}
[debug] [2020-11-04T10:20:29.965Z] [runtime-status] [24084] Outgoing network have been stubbed. [{"name":"http","status":"mocked"},{"name":"http","status":"mocked"},{"name":"https","status":"mocked"},{"name":"https","status":"mocked"},{"name":"net","status":"mocked"}] {"metadata":{"emulator":{"name":"functions"},"function":{"name":"api"},"message":"[runtime-status] [24084] Outgoing network have been stubbed. [{\"name\":\"http\",\"status\":\"mocked\"},{\"name\":\"http\",\"status\":\"mocked\"},{\"name\":\"https\",\"status\":\"mocked\"},{\"name\":\"https\",\"status\":\"mocked\"},{\"name\":\"net\",\"status\":\"mocked\"}]"}}
[debug] [2020-11-04T10:20:29.965Z] [runtime-status] [24084] Resolved module firebase-functions {"declared":true,"installed":true,"version":"3.11.0","resolution":"H:\\React\\Conceitos\\amazon-clone\\functions\\node_modules\\firebase-functions\\lib\\index.js"} {"metadata":{"emulator":{"name":"functions"},"function":{"name":"api"},"message":"[runtime-status] [24084] Resolved module firebase-functions {\"declared\":true,\"installed\":true,\"version\":\"3.11.0\",\"resolution\":\"H:\\\\React\\\\Conceitos\\\\amazon-clone\\\\functions\\\\node_modules\\\\firebase-functions\\\\lib\\\\index.js\"}"}}
[debug] [2020-11-04T10:20:29.998Z] [runtime-status] [24084] Checked functions.config() {"config":{}} {"metadata":{"emulator":{"name":"functions"},"function":{"name":"api"},"message":"[runtime-status] [24084] Checked functions.config() {\"config\":{}}"}}
[debug] [2020-11-04T10:20:29.999Z] [runtime-status] [24084] firebase-functions has been stubbed. {"functionsResolution":{"declared":true,"installed":true,"version":"3.11.0","resolution":"H:\\React\\Conceitos\\amazon-clone\\functions\\node_modules\\firebase-functions\\lib\\index.js"}} {"metadata":{"emulator":{"name":"functions"},"function":{"name":"api"},"message":"[runtime-status] [24084] firebase-functions has been stubbed. {\"functionsResolution\":{\"declared\":true,\"installed\":true,\"version\":\"3.11.0\",\"resolution\":\"H:\\\\React\\\\Conceitos\\\\amazon-clone\\\\functions\\\\node_modules\\\\firebase-functions\\\\lib\\\\index.js\"}}"}}
[debug] [2020-11-04T10:20:29.999Z] [runtime-status] [24084] Resolved module firebase-functions {"declared":true,"installed":true,"version":"3.11.0","resolution":"H:\\React\\Conceitos\\amazon-clone\\functions\\node_modules\\firebase-functions\\lib\\index.js"} {"metadata":{"emulator":{"name":"functions"},"function":{"name":"api"},"message":"[runtime-status] [24084] Resolved module firebase-functions {\"declared\":true,\"installed\":true,\"version\":\"3.11.0\",\"resolution\":\"H:\\\\React\\\\Conceitos\\\\amazon-clone\\\\functions\\\\node_modules\\\\firebase-functions\\\\lib\\\\index.js\"}"}}
[debug] [2020-11-04T10:20:30.000Z] [runtime-status] [24084] Resolved module firebase-admin {"declared":true,"installed":true,"version":"9.3.0","resolution":"H:\\React\\Conceitos\\amazon-clone\\functions\\node_modules\\firebase-admin\\lib\\index.js"} {"metadata":{"emulator":{"name":"functions"},"function":{"name":"api"},"message":"[runtime-status] [24084] Resolved module firebase-admin {\"declared\":true,\"installed\":true,\"version\":\"9.3.0\",\"resolution\":\"H:\\\\React\\\\Conceitos\\\\amazon-clone\\\\functions\\\\node_modules\\\\firebase-admin\\\\lib\\\\index.js\"}"}}
[debug] [2020-11-04T10:20:30.000Z] [runtime-status] [24084] Resolved module firebase-functions {"declared":true,"installed":true,"version":"3.11.0","resolution":"H:\\React\\Conceitos\\amazon-clone\\functions\\node_modules\\firebase-functions\\lib\\index.js"} {"metadata":{"emulator":{"name":"functions"},"function":{"name":"api"},"message":"[runtime-status] [24084] Resolved module firebase-functions {\"declared\":true,\"installed\":true,\"version\":\"3.11.0\",\"resolution\":\"H:\\\\React\\\\Conceitos\\\\amazon-clone\\\\functions\\\\node_modules\\\\firebase-functions\\\\lib\\\\index.js\"}"}}
[debug] [2020-11-04T10:20:30.000Z] [runtime-status] [24084] firebase-admin has been stubbed. {"adminResolution":{"declared":true,"installed":true,"version":"9.3.0","resolution":"H:\\React\\Conceitos\\amazon-clone\\functions\\node_modules\\firebase-admin\\lib\\index.js"}} {"metadata":{"emulator":{"name":"functions"},"function":{"name":"api"},"message":"[runtime-status] [24084] firebase-admin has been stubbed. {\"adminResolution\":{\"declared\":true,\"installed\":true,\"version\":\"9.3.0\",\"resolution\":\"H:\\\\React\\\\Conceitos\\\\amazon-clone\\\\functions\\\\node_modules\\\\firebase-admin\\\\lib\\\\index.js\"}}"}}
[debug] [2020-11-04T10:20:30.132Z] [runtime-status] [24084] Trigger "api" has been found, beginning invocation! {"metadata":{"emulator":{"name":"functions"},"function":{"name":"api"},"message":"[runtime-status] [24084] Trigger \"api\" has been found, beginning invocation!"}}
[info] i  functions: Beginning execution of "api" {"metadata":{"emulator":{"name":"functions"},"function":{"name":"api"},"message":"Beginning execution of \"api\""}}
[debug] [2020-11-04T10:20:30.133Z] [runtime-status] [24084] triggerDefinition {"httpsTrigger":{},"name":"api","entryPoint":"api"} {"metadata":{"emulator":{"name":"functions"},"function":{"name":"api"},"message":"[runtime-status] [24084] triggerDefinition {\"httpsTrigger\":{},\"name\":\"api\",\"entryPoint\":\"api\"}"}}
[debug] [2020-11-04T10:20:30.133Z] [runtime-status] [24084] Running api in mode HTTPS {"metadata":{"emulator":{"name":"functions"},"function":{"name":"api"},"message":"[runtime-status] [24084] Running api in mode HTTPS"}}
[debug] [2020-11-04T10:20:30.135Z] [runtime-status] [24084] Attempting to listen to socketPath: \\?\pipe\H:\React\Conceitos\amazon-clone\functions\24084 {"metadata":{"emulator":{"name":"functions"},"function":{"name":"api"},"message":"[runtime-status] [24084] Attempting to listen to socketPath: \\\\?\\pipe\\H:\\React\\Conceitos\\amazon-clone\\functions\\24084"}}
[debug] [2020-11-04T10:20:30.137Z] [functions] Runtime ready! Sending request! {"metadata":{"emulator":{"name":"functions"},"message":"[functions] Runtime ready! Sending request!"}}
[debug] [2020-11-04T10:20:30.144Z] [runtime-status] [24084] Ephemeral server handling POST request {"metadata":{"emulator":{"name":"functions"},"function":{"name":"api"},"message":"[runtime-status] [24084] Ephemeral server handling POST request"}}
[info] >  Payment Request Receive >>>>>>> 24430 {"user":"Payment Request Receive >>>>>>> 24430","metadata":{"emulator":{"name":"functions"},"function":{"name":"api"},"message":"\u001b[90m> \u001b[39m Payment Request Receive >>>>>>> 24430"}}
[debug] [2020-11-04T10:20:30.153Z] [runtime-status] [24084] Ephemeral server survived. {"metadata":{"emulator":{"name":"functions"},"function":{"name":"api"},"message":"[runtime-status] [24084] Ephemeral server survived."}}
[info] i  functions: Finished "api" in ~1s {"metadata":{"emulator":{"name":"functions"},"function":{"name":"api"},"message":"Finished \"api\" in ~1s"}}
[debug] [2020-11-04T10:20:31.309Z] [worker-api-a903bb2c-2a6f-4cea-8c7b-67307f9e27f4]: IDLE {"metadata":{"emulator":{"name":"functions"},"message":"[worker-api-a903bb2c-2a6f-4cea-8c7b-67307f9e27f4]: IDLE"}}
[debug] [2020-11-04T10:20:31.310Z] [work-queue] {"queueLength":0,"workRunningCount":0}
[debug] [2020-11-04T10:21:39.525Z] [worker-api-a903bb2c-2a6f-4cea-8c7b-67307f9e27f4]: exited {"metadata":{"emulator":{"name":"functions"},"message":"[worker-api-a903bb2c-2a6f-4cea-8c7b-67307f9e27f4]: exited"}}
